<?xml version="1.0" ?>
<Configuration>
	<Appenders>
		<File name="log" fileName="logging.log">
			<PatternLayout pattern="%d [%t] %-5level: %msg%n%throwable" />
		</File>
	</Appenders>
	<Loggers>
		<Root level="ALL">
			<AppenderRef ref="log" />
		</Root>
	</Loggers>
</Configuration>





